Unity Editor version:    6000.3.9f1 (7a9955a4f2fa)
Branch:                  6000.3/staging
Build type:              Release
Batch mode:              YES
macOS version:           Version 26.2 (Build 25C56)
Darwin version:          25.2.0
Architecture:            arm64
Running under Rosetta:   NO
Available memory:        18432 MB
Date:                    2026-03-12T19:41:39Z
[Licensing::Module] Trying to connect to existing licensing client channel...
[Licensing::IpcConnector] Successfully connected to: "LicenseClient-simar" at "2026-03-12T19:41:39.392133Z"
Launching external process: /Applications/Unity/Hub/Editor/6000.3.9f1/Unity.app/Contents/Resources/PackageManager/Server/UnityPackageManager

COMMAND LINE ARGUMENTS:
/Applications/Unity/Hub/Editor/6000.3.9f1/Unity.app/Contents/MacOS/Unity
-batchmode
-nographics
-projectPath
/Users/simar/deadlight
-executeMethod
Deadlight.EditorTools.BatchRuntimeSmoke.Run
-logFile
/Users/simar/deadlight/tmp/unity_runtime_smoke.log
Successfully changed project path to: /Users/simar/deadlight
/Users/simar/deadlight
[UnityMemory] Configuration Parameters - Can be set up in boot.config
    "memorysetup-allocator-temp-initial-block-size-main=262144"
    "memorysetup-allocator-temp-initial-block-size-worker=262144"
    "memorysetup-temp-allocator-size-background-worker=32768"
    "memorysetup-temp-allocator-size-job-worker=262144"
    "memorysetup-temp-allocator-size-preload-manager=33554432"
    "memorysetup-temp-allocator-size-nav-mesh-worker=65536"
    "memorysetup-temp-allocator-size-audio-worker=65536"
    "memorysetup-temp-allocator-size-cloud-worker=32768"
    "memorysetup-bucket-allocator-granularity=16"
    "memorysetup-bucket-allocator-bucket-count=8"
    "memorysetup-bucket-allocator-block-size=33554432"
    "memorysetup-bucket-allocator-block-count=8"
    "memorysetup-main-allocator-block-size=16777216"
    "memorysetup-thread-allocator-block-size=16777216"
    "memorysetup-gfx-main-allocator-block-size=16777216"
    "memorysetup-gfx-thread-allocator-block-size=16777216"
    "memorysetup-cache-allocator-block-size=4194304"
    "memorysetup-typetree-allocator-block-size=2097152"
    "memorysetup-profiler-bucket-allocator-granularity=16"
    "memorysetup-profiler-bucket-allocator-bucket-count=8"
    "memorysetup-profiler-bucket-allocator-block-size=33554432"
    "memorysetup-profiler-bucket-allocator-block-count=8"
    "memorysetup-profiler-allocator-block-size=16777216"
    "memorysetup-profiler-editor-allocator-block-size=1048576"
    "memorysetup-temp-allocator-size-main=16777216"
    "memorysetup-job-temp-allocator-block-size=2097152"
    "memorysetup-job-temp-allocator-block-size-background=1048576"
    "memorysetup-job-temp-allocator-reduction-small-platforms=262144"
    "memorysetup-temp-allocator-size-gi-baking-worker=262144"
    "memorysetup-temp-allocator-size-gi-baking-worker=262144"
    "memorysetup-temp-allocator-size-gi-baking-worker=262144"
    "memorysetup-temp-allocator-size-gi-baking-worker=262144"
    "memorysetup-temp-allocator-size-gi-baking-worker=262144"
    "memorysetup-temp-allocator-size-gfx=262144"
Player connection [8423468096]  Target information:

Player connection [8423468096]  * "[IP] 172.30.198.216 [Port] 55504 [Flags] 2 [Guid] 3603703008 [EditorId] 3603703008 [Version] 1048832 [Id] OSXEditor(0,dyn172-30-198-216.wireless.uwo.pri) [Debug] 1 [PackageName] OSXEditor [ProjectName] Editor" 

Player connection [8423468096] Host joined multi-casting on [225.0.0.222:54997]...
Player connection [8423468096] Host joined alternative multi-casting on [225.0.0.222:34997]...
Input System module state changed to: Initialized.
[Physics::Module] Initialized fallback backend.
[Physics::Module] Id: 0xdecafbad
[Package Manager] Connected to IPC stream "Upm-73795" after 0.1 seconds.
[Licensing::Module] Licensing is not yet initialized.
[Licensing::Client] Handshaking with LicensingClient:
  Version:                 1.17.4+4293ba1
  Session Id:              b22f22bd949a4b9f81974aa40c0386aa
  Correlation Id:          c0b8e325d89ab6aff7b6c677b288cfe8
  External correlation Id: 9178419848239333917
  Machine Id:              WQSPeEPPFSCVgq3b7ELWBdYJEi4=
[Licensing::Module] Successfully connected to LicensingClient on channel: "LicenseClient-simar" (connect: 0.00s, validation: 0.00s, handshake: 0.23s)
[Licensing::IpcConnector] Successfully connected to: "LicenseClient-simar-notifications" at "2026-03-12T19:41:39.627447Z"
[Licensing::Module] Error: Access token is unavailable; failed to update
[Licensing::Client] Successfully resolved entitlement details
[Licensing::Module] License group:
  Id: 3574383573131-UnityPersXXXX
  Product: Unity Personal
  Type: Assigned
  Expiration: Unlimited
[Licensing::Client] Successfully updated license, isAsync: True, time: 0.00
[Licensing::Client] Successfully resolved entitlement details
[Licensing::Module] Licensing Background thread has ended after 0.24s
[Licensing::Module] Licensing is initialized (took 0.05s).
[Licensing::Client] Successfully resolved entitlement details
Library Redirect Path: Library/
[Physics::Module] Selected backend.
[Physics::Module] Name: PhysX
[Physics::Module] Id: 0xf2b8ea05
[Physics::Module] SDK Version: 4.1.2
[Physics::Module] Integration Version: 1.0.0
[Physics::Module] Threading Mode: Multi-Threaded
Refreshing native plugins compatible for Editor in 0.07 ms, found 0 plugins.
Preloading 0 native plugins for Editor in 0.00 ms.
Initialize engine version: 6000.3.9f1 (7a9955a4f2fa)
[Subsystems] Discovering subsystems at path /Applications/Unity/Hub/Editor/6000.3.9f1/Unity.app/Contents/Resources/UnitySubsystems
[Subsystems] Discovering subsystems at path /Users/simar/deadlight/Assets
Forcing GfxDevice: Null
GfxDevice: creating device client; kGfxThreadingModeNonThreaded
NullGfxDevice:
    Version:  NULL 1.0 [1.0]
    Renderer: Null Device
    Vendor:   Unity Technologies
Initialize mono
Mono path[0] = '/Applications/Unity/Hub/Editor/6000.3.9f1/Unity.app/Contents/Resources/Scripting/Managed'
Mono path[1] = '/Applications/Unity/Hub/Editor/6000.3.9f1/Unity.app/Contents/Resources/Scripting/MonoBleedingEdge/lib/mono/unityjit-macos'
Mono config path = '/Applications/Unity/Hub/Editor/6000.3.9f1/Unity.app/Contents/Resources/Scripting/MonoBleedingEdge/etc'
Using monoOptions --debugger-agent=transport=dt_socket,embedding=1,server=y,suspend=n,address=127.0.0.1:56795
Using cacheserver namespaces - metadata:defaultmetadata, artifacts:defaultartifacts
Using cacheserver namespaces - metadata:defaultmetadata, artifacts:defaultartifacts
ImportWorker Server TCP listen port: 0
AcceleratorClientConnectionCallback - disconnected - :0
Begin MonoManager ReloadAssembly
Registering precompiled unity dll's ...
Register platform support module: /Applications/Unity/Hub/Editor/6000.3.9f1/PlaybackEngines/WebGLSupport/UnityEditor.WebGL.Extensions.dll
Register platform support module: /Applications/Unity/Hub/Editor/6000.3.9f1/Unity.app/Contents/PlaybackEngines/MacStandaloneSupport/UnityEditor.OSXStandalone.Extensions.dll
Registered in 0.000925 seconds.
- Loaded All Assemblies, in  0.236 seconds
Native extension for OSXStandalone target not found
Native extension for WebGL target not found
ScheduleIndexationOnStartup MainProcess:False IndexOnStartup:True
Mono: successfully reloaded assembly
- Finished resetting the current domain, in  0.224 seconds
Domain Reload Profiling: 459ms
	BeginReloadAssembly (90ms)
		ExecutionOrderSort (0ms)
		DisableScriptedObjects (0ms)
		BackupInstance (0ms)
		ReleaseScriptingObjects (0ms)
		CreateAndSetChildDomain (11ms)
	RebuildCommonClasses (20ms)
	RebuildNativeTypeToScriptingClass (9ms)
	initialDomainReloadingComplete (21ms)
	LoadAllAssembliesAndSetupDomain (96ms)
		LoadAssemblies (80ms)
		RebuildTransferFunctionScriptingTraits (0ms)
		AnalyzeDomain (95ms)
			TypeCache.Refresh (94ms)
				TypeCache.ScanAssembly (86ms)
			BuildScriptInfoCaches (0ms)
			ResolveRequiredComponents (0ms)
	FinalizeReload (224ms)
		ReleaseScriptCaches (0ms)
		RebuildScriptCaches (0ms)
		SetupLoadedEditorAssemblies (203ms)
			LogAssemblyErrors (0ms)
			InitializePlatformSupportModulesInManaged (24ms)
			SetLoadedEditorAssemblies (2ms)
			BeforeProcessingInitializeOnLoad (51ms)
			ProcessInitializeOnLoadAttributes (79ms)
			ProcessInitializeOnLoadMethodAttributes (46ms)
			AfterProcessingInitializeOnLoad (0ms)
			EditorAssembliesLoaded (0ms)
		ExecutionOrderSort2 (0ms)
		AwakeInstancesAfterBackupRestoration (0ms)
[Licensing::Client] Successfully resolved entitlement details
Application.AssetDatabase Initial Refresh Start
Package Manager log level set to [2]
[Package Manager] Restoring resolved packages state from cache
[Licensing::Client] Successfully resolved entitlement details
[Package Manager] Registered 74 packages:
  Packages from [https://packages.unity.com]:
    com.unity.2d.animation@13.0.4 (location: /Users/simar/deadlight/Library/PackageCache/com.unity.2d.animation@7396d8477ca9)
    com.unity.ads@4.16.4 (location: /Users/simar/deadlight/Library/PackageCache/com.unity.ads@e89225828059)
    com.unity.ai.navigation@2.0.10 (location: /Users/simar/deadlight/Library/PackageCache/com.unity.ai.navigation@c33a115e9883)
    com.unity.analytics@3.8.2 (location: /Users/simar/deadlight/Library/PackageCache/com.unity.analytics@c9d14a6bdec6)
    com.unity.collab-proxy@2.11.3 (location: /Users/simar/deadlight/Library/PackageCache/com.unity.collab-proxy@e566cd3e7623)
    com.unity.ide.rider@3.0.39 (location: /Users/simar/deadlight/Library/PackageCache/com.unity.ide.rider@4504839d03f7)
    com.unity.ide.visualstudio@2.0.26 (location: /Users/simar/deadlight/Library/PackageCache/com.unity.ide.visualstudio@a99d56dec63f)
    com.unity.ide.vscode@1.2.3 (location: /Users/simar/deadlight/Library/PackageCache/com.unity.ide.vscode@2d531209967f)
    com.unity.purchasing@4.14.2 (location: /Users/simar/deadlight/Library/PackageCache/com.unity.purchasing@039fd41c6e81)
    com.unity.timeline@1.8.10 (location: /Users/simar/deadlight/Library/PackageCache/com.unity.timeline@7f8b2fb101b6)
    com.unity.xr.legacyinputhelpers@2.1.13 (location: /Users/simar/deadlight/Library/PackageCache/com.unity.xr.legacyinputhelpers@9535ff2c27ac)
    com.unity.services.core@1.16.0 (location: /Users/simar/deadlight/Library/PackageCache/com.unity.services.core@8ba50f624741)
    com.unity.2d.pixel-perfect@5.1.1 (location: /Users/simar/deadlight/Library/PackageCache/com.unity.2d.pixel-perfect@09d99455b901)
    com.unity.2d.psdimporter@12.0.1 (location: /Users/simar/deadlight/Library/PackageCache/com.unity.2d.psdimporter@9abe0f7cac7e)
    com.unity.2d.spriteshape@13.0.0 (location: /Users/simar/deadlight/Library/PackageCache/com.unity.2d.spriteshape@0738bab11647)
    com.unity.2d.tilemap.extras@6.0.1 (location: /Users/simar/deadlight/Library/PackageCache/com.unity.2d.tilemap.extras@3dde84bf3867)
    com.unity.2d.aseprite@3.0.1 (location: /Users/simar/deadlight/Library/PackageCache/com.unity.2d.aseprite@809e3a168ff7)
    com.unity.2d.tooling@1.0.2 (location: /Users/simar/deadlight/Library/PackageCache/com.unity.2d.tooling@249995156768)
    com.unity.services.analytics@6.2.0 (location: /Users/simar/deadlight/Library/PackageCache/com.unity.services.analytics@b6335889ba61)
    com.unity.2d.common@12.0.2 (location: /Users/simar/deadlight/Library/PackageCache/com.unity.2d.common@800085e896ad)
    com.unity.collections@2.6.2 (location: /Users/simar/deadlight/Library/PackageCache/com.unity.collections@aea9d3bd5e19)
    com.unity.searcher@4.9.4 (location: /Users/simar/deadlight/Library/PackageCache/com.unity.searcher@d45a78918735)
    com.unity.burst@1.8.28 (location: /Users/simar/deadlight/Library/PackageCache/com.unity.burst@07790c2d06d9)
    com.unity.mathematics@1.3.3 (location: /Users/simar/deadlight/Library/PackageCache/com.unity.mathematics@19a9377c4ffa)
    com.unity.nuget.newtonsoft-json@3.2.2 (location: /Users/simar/deadlight/Library/PackageCache/com.unity.nuget.newtonsoft-json@4dfd81071c64)
    com.unity.nuget.mono-cecil@1.11.6 (location: /Users/simar/deadlight/Library/PackageCache/com.unity.nuget.mono-cecil@ecb9724e46ff)
    com.unity.test-framework.performance@3.2.0 (location: /Users/simar/deadlight/Library/PackageCache/com.unity.test-framework.performance@0840f58e4562)
  Built-in packages:
    com.unity.2d.sprite@1.0.0 (location: /Users/simar/deadlight/Library/PackageCache/com.unity.2d.sprite@d14b9d497a24)
    com.unity.2d.tilemap@1.0.0 (location: /Users/simar/deadlight/Library/PackageCache/com.unity.2d.tilemap@f011712243ad)
    com.unity.feature.2d@2.0.2 (location: /Users/simar/deadlight/Library/PackageCache/com.unity.feature.2d@0309d34ea7f2)
    com.unity.multiplayer.center@1.0.1 (location: /Users/simar/deadlight/Library/PackageCache/com.unity.multiplayer.center@f01f4ba8d00a)
    com.unity.render-pipelines.universal@17.3.0 (location: /Users/simar/deadlight/Library/PackageCache/com.unity.render-pipelines.universal@7327e77c1cc2)
    com.unity.test-framework@1.6.0 (location: /Users/simar/deadlight/Library/PackageCache/com.unity.test-framework@0b7a23ab2e1d)
    com.unity.ugui@2.0.0 (location: /Users/simar/deadlight/Library/PackageCache/com.unity.ugui@bb329a87fcdc)
    com.unity.modules.accessibility@1.0.0 (location: /Users/simar/deadlight/Library/PackageCache/com.unity.modules.accessibility)
    com.unity.modules.adaptiveperformance@1.0.0 (location: /Users/simar/deadlight/Library/PackageCache/com.unity.modules.adaptiveperformance)
    com.unity.modules.ai@1.0.0 (location: /Users/simar/deadlight/Library/PackageCache/com.unity.modules.ai)
    com.unity.modules.androidjni@1.0.0 (location: /Users/simar/deadlight/Library/PackageCache/com.unity.modules.androidjni)
    com.unity.modules.animation@1.0.0 (location: /Users/simar/deadlight/Library/PackageCache/com.unity.modules.animation)
    com.unity.modules.assetbundle@1.0.0 (location: /Users/simar/deadlight/Library/PackageCache/com.unity.modules.assetbundle)
    com.unity.modules.audio@1.0.0 (location: /Users/simar/deadlight/Library/PackageCache/com.unity.modules.audio)
    com.unity.modules.cloth@1.0.0 (location: /Users/simar/deadlight/Library/PackageCache/com.unity.modules.cloth)
    com.unity.modules.director@1.0.0 (location: /Users/simar/deadlight/Library/PackageCache/com.unity.modules.director)
    com.unity.modules.imageconversion@1.0.0 (location: /Users/simar/deadlight/Library/PackageCache/com.unity.modules.imageconversion)
    com.unity.modules.imgui@1.0.0 (location: /Users/simar/deadlight/Library/PackageCache/com.unity.modules.imgui)
    com.unity.modules.jsonserialize@1.0.0 (location: /Users/simar/deadlight/Library/PackageCache/com.unity.modules.jsonserialize)
    com.unity.modules.particlesystem@1.0.0 (location: /Users/simar/deadlight/Library/PackageCache/com.unity.modules.particlesystem)
    com.unity.modules.physics@1.0.0 (location: /Users/simar/deadlight/Library/PackageCache/com.unity.modules.physics)
    com.unity.modules.physics2d@1.0.0 (location: /Users/simar/deadlight/Library/PackageCache/com.unity.modules.physics2d)
    com.unity.modules.screencapture@1.0.0 (location: /Users/simar/deadlight/Library/PackageCache/com.unity.modules.screencapture)
    com.unity.modules.terrain@1.0.0 (location: /Users/simar/deadlight/Library/PackageCache/com.unity.modules.terrain)
    com.unity.modules.terrainphysics@1.0.0 (location: /Users/simar/deadlight/Library/PackageCache/com.unity.modules.terrainphysics)
    com.unity.modules.tilemap@1.0.0 (location: /Users/simar/deadlight/Library/PackageCache/com.unity.modules.tilemap)
    com.unity.modules.ui@1.0.0 (location: /Users/simar/deadlight/Library/PackageCache/com.unity.modules.ui)
    com.unity.modules.uielements@1.0.0 (location: /Users/simar/deadlight/Library/PackageCache/com.unity.modules.uielements)
    com.unity.modules.umbra@1.0.0 (location: /Users/simar/deadlight/Library/PackageCache/com.unity.modules.umbra)
    com.unity.modules.unityanalytics@1.0.0 (location: /Users/simar/deadlight/Library/PackageCache/com.unity.modules.unityanalytics)
    com.unity.modules.unitywebrequest@1.0.0 (location: /Users/simar/deadlight/Library/PackageCache/com.unity.modules.unitywebrequest)
    com.unity.modules.unitywebrequestassetbundle@1.0.0 (location: /Users/simar/deadlight/Library/PackageCache/com.unity.modules.unitywebrequestassetbundle)
    com.unity.modules.unitywebrequestaudio@1.0.0 (location: /Users/simar/deadlight/Library/PackageCache/com.unity.modules.unitywebrequestaudio)
    com.unity.modules.unitywebrequesttexture@1.0.0 (location: /Users/simar/deadlight/Library/PackageCache/com.unity.modules.unitywebrequesttexture)
    com.unity.modules.unitywebrequestwww@1.0.0 (location: /Users/simar/deadlight/Library/PackageCache/com.unity.modules.unitywebrequestwww)
    com.unity.modules.vectorgraphics@1.0.0 (location: /Users/simar/deadlight/Library/PackageCache/com.unity.modules.vectorgraphics)
    com.unity.modules.vehicles@1.0.0 (location: /Users/simar/deadlight/Library/PackageCache/com.unity.modules.vehicles)
    com.unity.modules.video@1.0.0 (location: /Users/simar/deadlight/Library/PackageCache/com.unity.modules.video)
    com.unity.modules.vr@1.0.0 (location: /Users/simar/deadlight/Library/PackageCache/com.unity.modules.vr)
    com.unity.modules.wind@1.0.0 (location: /Users/simar/deadlight/Library/PackageCache/com.unity.modules.wind)
    com.unity.modules.xr@1.0.0 (location: /Users/simar/deadlight/Library/PackageCache/com.unity.modules.xr)
    com.unity.modules.subsystems@1.0.0 (location: /Users/simar/deadlight/Library/PackageCache/com.unity.modules.subsystems)
    com.unity.modules.hierarchycore@1.0.0 (location: /Users/simar/deadlight/Library/PackageCache/com.unity.modules.hierarchycore)
    com.unity.ext.nunit@2.0.5 (location: /Users/simar/deadlight/Library/PackageCache/com.unity.ext.nunit@d8c07649098d)
    com.unity.render-pipelines.core@17.3.0 (location: /Users/simar/deadlight/Library/PackageCache/com.unity.render-pipelines.core@04ab0eefa0c3)
    com.unity.shadergraph@17.3.0 (location: /Users/simar/deadlight/Library/PackageCache/com.unity.shadergraph@f80b792d4861)
    com.unity.render-pipelines.universal-config@17.0.3 (location: /Users/simar/deadlight/Library/PackageCache/com.unity.render-pipelines.universal-config@8dc1aab4af1d)
[Package Manager] com.unity.ide.vscode is deprecated: Visual Studio Code package is not supported anymore. You can continue to use it, but we won't provide any update anymore.
[Subsystems] No new subsystems found in resolved package list.
[Package Manager] Done registering packages in 0.01 seconds
[ScriptCompilation] Requested script compilation because: Assetdatabase observed changes in script compilation related files
[40m[32minfo[39m[22m[49m: Microsoft.Hosting.Lifetime[14]
      Now listening on: http://unix:/tmp/ilpp.sock-d61476b7556d37452b6df8c91476dfc6
[40m[32minfo[39m[22m[49m: Microsoft.Hosting.Lifetime[0]
      Application started. Press Ctrl+C to shut down.
[40m[32minfo[39m[22m[49m: Microsoft.Hosting.Lifetime[0]
      Hosting environment: Production
[40m[32minfo[39m[22m[49m: Microsoft.Hosting.Lifetime[0]
      Content root path: /Users/simar/deadlight/
[40m[32minfo[39m[22m[49m: Microsoft.AspNetCore.Hosting.Diagnostics[1]
      Request starting HTTP/2 POST http://ilpp/UnityILPP.PostProcessing/Ping application/grpc -
[40m[32minfo[39m[22m[49m: Microsoft.AspNetCore.Routing.EndpointMiddleware[0]
      Executing endpoint 'gRPC - /UnityILPP.PostProcessing/Ping'
[40m[32minfo[39m[22m[49m: Microsoft.AspNetCore.Routing.EndpointMiddleware[1]
      Executed endpoint 'gRPC - /UnityILPP.PostProcessing/Ping'
[40m[32minfo[39m[22m[49m: Microsoft.AspNetCore.Hosting.Diagnostics[2]
      Request finished HTTP/2 POST http://ilpp/UnityILPP.PostProcessing/Ping application/grpc - - 200 - application/grpc 19.7901ms
Starting: /Applications/Unity/Hub/Editor/6000.3.9f1/Unity.app/Contents/Resources/BuildPipeline/bee_backend --ipc --defer-dag-verification --dagfile="Library/Bee/200b0aE.dag" --continue-on-failure --profile="Library/Bee/backend1.traceevents" ScriptAssemblies
WorkingDir: /Users/simar/deadlight
DisplayProgressbar: Compiling Scripts
[40m[32minfo[39m[22m[49m: Microsoft.AspNetCore.Hosting.Diagnostics[1]
      Request starting HTTP/2 POST http://ilpp/UnityILPP.PostProcessing/ConfigurePostProcessors application/grpc -
[40m[32minfo[39m[22m[49m: Microsoft.AspNetCore.Routing.EndpointMiddleware[0]
      Executing endpoint 'gRPC - /UnityILPP.PostProcessing/ConfigurePostProcessors'
[40m[1m[33mwarn[39m[22m[49m: Unity.ILPP.Runner.PostProcessingAssemblyLoadContext[0]
      Assembly system.runtime.interopservices.windowsruntime has duplicate hint path. Ignoring "/Applications/Unity/Hub/Editor/6000.3.9f1/Unity.app/Contents/Resources/Scripting/UnityReferenceAssemblies/unity-4.8-api/Facades/System.Runtime.InteropServices.WindowsRuntime.dll" in favor of "/Applications/Unity/Hub/Editor/6000.3.9f1/Unity.app/Contents/Resources/Scripting/NetStandard/Extensions/2.0.0/System.Runtime.InteropServices.WindowsRuntime.dll"
[40m[1m[33mwarn[39m[22m[49m: Unity.ILPP.Runner.PostProcessingAssemblyLoadContext[0]
      Assembly system.componentmodel.composition has duplicate hint path. Ignoring "/Applications/Unity/Hub/Editor/6000.3.9f1/Unity.app/Contents/Resources/Scripting/UnityReferenceAssemblies/unity-4.8-api/System.ComponentModel.Composition.dll" in favor of "/Applications/Unity/Hub/Editor/6000.3.9f1/Unity.app/Contents/Resources/Scripting/NetStandard/compat/2.1.0/shims/netfx/System.ComponentModel.Composition.dll"
[40m[32minfo[39m[22m[49m: Unity.ILPP.Runner.PostProcessingAssemblyLoadContext[0]
      Resolved Unity.Burst.Cecil, Version=0.11.4.0, Culture=neutral, PublicKeyToken=50cebf1cceb9d05e with Library/PackageCache/com.unity.burst@07790c2d06d9/Unity.Burst.CodeGen/Unity.Burst.Cecil.dll
[40m[32minfo[39m[22m[49m: Unity.ILPP.Runner.PostProcessingAssemblyLoadContext[0]
      Resolved Mono.Cecil, Version=0.11.5.0, Culture=neutral, PublicKeyToken=50cebf1cceb9d05e with Library/PackageCache/com.unity.nuget.mono-cecil@ecb9724e46ff/Mono.Cecil.dll
[40m[32minfo[39m[22m[49m: Microsoft.AspNetCore.Routing.EndpointMiddleware[1]
      Executed endpoint 'gRPC - /UnityILPP.PostProcessing/ConfigurePostProcessors'
[40m[32minfo[39m[22m[49m: Microsoft.AspNetCore.Hosting.Diagnostics[2]
      Request finished HTTP/2 POST http://ilpp/UnityILPP.PostProcessing/ConfigurePostProcessors application/grpc - - 200 - application/grpc 14.8158ms
[40m[32minfo[39m[22m[49m: Microsoft.AspNetCore.Hosting.Diagnostics[1]
      Request starting HTTP/2 POST http://ilpp/UnityILPP.PostProcessing/PostProcessAssembly application/grpc -
[40m[32minfo[39m[22m[49m: Microsoft.AspNetCore.Routing.EndpointMiddleware[0]
      Executing endpoint 'gRPC - /UnityILPP.PostProcessing/PostProcessAssembly'
[40m[32minfo[39m[22m[49m: Microsoft.AspNetCore.Hosting.Diagnostics[1]
      Request starting HTTP/2 POST http://ilpp/UnityILPP.PostProcessing/PostProcessAssembly application/grpc -
[40m[32minfo[39m[22m[49m: Microsoft.AspNetCore.Routing.EndpointMiddleware[0]
      Executing endpoint 'gRPC - /UnityILPP.PostProcessing/PostProcessAssembly'
[40m[32minfo[39m[22m[49m: Microsoft.AspNetCore.Hosting.Diagnostics[1]
      Request starting HTTP/2 POST http://ilpp/UnityILPP.PostProcessing/PostProcessAssembly application/grpc -
[40m[32minfo[39m[22m[49m: Microsoft.AspNetCore.Routing.EndpointMiddleware[0]
      Executing endpoint 'gRPC - /UnityILPP.PostProcessing/PostProcessAssembly'
[40m[32minfo[39m[22m[49m: Unity.ILPP.Runner.PostProcessingPipeline[0]
      Processing assembly Library/Bee/artifacts/200b0aE.dag/Assembly-CSharp.dll, with 133 defines and 353 references
[40m[32minfo[39m[22m[49m: Unity.ILPP.Runner.PostProcessingPipeline[0]
      Processing assembly Library/Bee/artifacts/200b0aE.dag/Deadlight.Editor.dll, with 131 defines and 290 references
[40m[32minfo[39m[22m[49m: Unity.ILPP.Runner.PostProcessingPipeline[0]
      Processing assembly Library/Bee/artifacts/200b0aE.dag/Assembly-CSharp-Editor.dll, with 131 defines and 375 references
[40m[32minfo[39m[22m[49m: Unity.ILPP.Runner.PostProcessingPipeline[0]
      processors: Unity.Jobs.CodeGen.JobsILPostProcessor, zzzUnity.Burst.CodeGen.BurstILPostProcessor
[40m[32minfo[39m[22m[49m: Unity.ILPP.Runner.PostProcessingPipeline[0]
      processors: Unity.Jobs.CodeGen.JobsILPostProcessor, zzzUnity.Burst.CodeGen.BurstILPostProcessor
[40m[32minfo[39m[22m[49m: Unity.ILPP.Runner.PostProcessingPipeline[0]
      processors: Unity.Jobs.CodeGen.JobsILPostProcessor, zzzUnity.Burst.CodeGen.BurstILPostProcessor
[40m[32minfo[39m[22m[49m: Unity.ILPP.Runner.PostProcessingPipeline[0]
      running Unity.Jobs.CodeGen.JobsILPostProcessor
[40m[32minfo[39m[22m[49m: Unity.ILPP.Runner.PostProcessingPipeline[0]
      running Unity.Jobs.CodeGen.JobsILPostProcessor
[40m[32minfo[39m[22m[49m: Unity.ILPP.Runner.PostProcessingPipeline[0]
      running Unity.Jobs.CodeGen.JobsILPostProcessor
[40m[32minfo[39m[22m[49m: Unity.ILPP.Runner.PostProcessingPipeline[0]
      running zzzUnity.Burst.CodeGen.BurstILPostProcessor
[40m[32minfo[39m[22m[49m: Unity.ILPP.Runner.PostProcessingAssemblyLoadContext[0]
      Resolved Unity.Collections, Version=0.0.0.0, Culture=neutral, PublicKeyToken=null with Library/Bee/artifacts/200b0aE.dag/Unity.Collections.dll
[40m[32minfo[39m[22m[49m: Microsoft.AspNetCore.Routing.EndpointMiddleware[1]
      Executed endpoint 'gRPC - /UnityILPP.PostProcessing/PostProcessAssembly'
[40m[32minfo[39m[22m[49m: Microsoft.AspNetCore.Hosting.Diagnostics[2]
      Request finished HTTP/2 POST http://ilpp/UnityILPP.PostProcessing/PostProcessAssembly application/grpc - - 200 - application/grpc 12.3220ms
[40m[32minfo[39m[22m[49m: Unity.ILPP.Runner.PostProcessingAssemblyLoadContext[0]
      Resolved UnityEditor.CoreModule, Version=0.0.0.0, Culture=neutral, PublicKeyToken=null with /Applications/Unity/Hub/Editor/6000.3.9f1/Unity.app/Contents/Resources/Scripting/Managed/UnityEngine/UnityEditor.CoreModule.dll
[40m[32minfo[39m[22m[49m: Unity.ILPP.Runner.PostProcessingAssemblyLoadContext[0]
      Resolved UnityEngine.CoreModule, Version=0.0.0.0, Culture=neutral, PublicKeyToken=null with /Applications/Unity/Hub/Editor/6000.3.9f1/Unity.app/Contents/Resources/Scripting/Managed/UnityEngine/UnityEngine.CoreModule.dll
[40m[32minfo[39m[22m[49m: Unity.ILPP.Runner.PostProcessingPipeline[0]
      running zzzUnity.Burst.CodeGen.BurstILPostProcessor
[40m[32minfo[39m[22m[49m: Unity.ILPP.Runner.PostProcessingPipeline[0]
      running zzzUnity.Burst.CodeGen.BurstILPostProcessor
[40m[32minfo[39m[22m[49m: Unity.ILPP.Runner.PostProcessingAssemblyLoadContext[0]
      Resolved Unity.Burst.Cecil.Rocks, Version=0.11.4.0, Culture=neutral, PublicKeyToken=50cebf1cceb9d05e with Library/PackageCache/com.unity.burst@07790c2d06d9/Unity.Burst.CodeGen/Unity.Burst.Cecil.Rocks.dll
[40m[32minfo[39m[22m[49m: Microsoft.AspNetCore.Routing.EndpointMiddleware[1]
      Executed endpoint 'gRPC - /UnityILPP.PostProcessing/PostProcessAssembly'
[40m[32minfo[39m[22m[49m: Microsoft.AspNetCore.Routing.EndpointMiddleware[1]
      Executed endpoint 'gRPC - /UnityILPP.PostProcessing/PostProcessAssembly'
[40m[32minfo[39m[22m[49m: Microsoft.AspNetCore.Hosting.Diagnostics[2]
      Request finished HTTP/2 POST http://ilpp/UnityILPP.PostProcessing/PostProcessAssembly application/grpc - - 200 - application/grpc 174.7730ms
[40m[32minfo[39m[22m[49m: Microsoft.AspNetCore.Hosting.Diagnostics[2]
      Request finished HTTP/2 POST http://ilpp/UnityILPP.PostProcessing/PostProcessAssembly application/grpc - - 200 - application/grpc 174.5741ms
ExitCode: 0 Duration: 1s431ms
[ 981/1321  0s] ILPP-Configuration Library/ilpp-configuration.nevergeneratedoutput
[1309/1321  1s] Csc Library/Bee/artifacts/200b0aE.dag/Deadlight.Editor.dll (+2 others)
[1312/1321  0s] ILPostProcess Library/Bee/artifacts/200b0aE.dag/post-processed/Assembly-CSharp-Editor.dll (+pdb)
Processing assembly Library/Bee/artifacts/200b0aE.dag/Assembly-CSharp-Editor.dll, with 131 defines and 375 references
processors: Unity.Jobs.CodeGen.JobsILPostProcessor, zzzUnity.Burst.CodeGen.BurstILPostProcessor
running Unity.Jobs.CodeGen.JobsILPostProcessor
running zzzUnity.Burst.CodeGen.BurstILPostProcessor
[1313/1321  0s] ILPostProcess Library/Bee/artifacts/200b0aE.dag/post-processed/Assembly-CSharp.dll (+pdb)
Processing assembly Library/Bee/artifacts/200b0aE.dag/Assembly-CSharp.dll, with 133 defines and 353 references
processors: Unity.Jobs.CodeGen.JobsILPostProcessor, zzzUnity.Burst.CodeGen.BurstILPostProcessor
running Unity.Jobs.CodeGen.JobsILPostProcessor
running zzzUnity.Burst.CodeGen.BurstILPostProcessor
[1314/1321  0s] ILPostProcess Library/Bee/artifacts/200b0aE.dag/post-processed/Deadlight.Editor.dll (+pdb)
Processing assembly Library/Bee/artifacts/200b0aE.dag/Deadlight.Editor.dll, with 131 defines and 290 references
processors: Unity.Jobs.CodeGen.JobsILPostProcessor, zzzUnity.Burst.CodeGen.BurstILPostProcessor
running Unity.Jobs.CodeGen.JobsILPostProcessor
running zzzUnity.Burst.CodeGen.BurstILPostProcessor
[1319/1321  0s] CopyFiles Library/ScriptAssemblies/Deadlight.Editor.pdb
[1320/1321  0s] CopyFiles Library/ScriptAssemblies/Deadlight.Editor.dll
*** Tundra build success (1.42 seconds), 7 items updated, 1321 evaluated
AssetDatabase: script compilation time: 1.796652s
Begin MonoManager ReloadAssembly
Total cache size 160579460
Total cache size after purge 160579460, took 00:00:00.1194394
Symbol file LoadedFromMemory is not a mono symbol file
- Loaded All Assemblies, in  0.412 seconds
Refreshing native plugins compatible for Editor in 1.28 ms, found 2 plugins.
Native extension for OSXStandalone target not found
Native extension for WebGL target not found
Refreshing native plugins compatible for Editor in 1.04 ms, found 2 plugins.
ScheduleIndexationOnStartup MainProcess:True IndexOnStartup:True
Mono: successfully reloaded assembly
- Finished resetting the current domain, in  1.880 seconds
Domain Reload Profiling: 2292ms
	BeginReloadAssembly (78ms)
		ExecutionOrderSort (0ms)
		DisableScriptedObjects (5ms)
		BackupInstance (0ms)
		ReleaseScriptingObjects (0ms)
		CreateAndSetChildDomain (21ms)
	RebuildCommonClasses (20ms)
	RebuildNativeTypeToScriptingClass (8ms)
	initialDomainReloadingComplete (12ms)
	LoadAllAssembliesAndSetupDomain (293ms)
		LoadAssemblies (199ms)
		RebuildTransferFunctionScriptingTraits (0ms)
		AnalyzeDomain (124ms)
			TypeCache.Refresh (91ms)
				TypeCache.ScanAssembly (81ms)
			BuildScriptInfoCaches (27ms)
			ResolveRequiredComponents (5ms)
	FinalizeReload (1880ms)
		ReleaseScriptCaches (0ms)
		RebuildScriptCaches (0ms)
		SetupLoadedEditorAssemblies (1807ms)
			LogAssemblyErrors (0ms)
			InitializePlatformSupportModulesInManaged (11ms)
			SetLoadedEditorAssemblies (3ms)
			BeforeProcessingInitializeOnLoad (104ms)
			ProcessInitializeOnLoadAttributes (1523ms)
			ProcessInitializeOnLoadMethodAttributes (164ms)
			AfterProcessingInitializeOnLoad (1ms)
			EditorAssembliesLoaded (0ms)
		ExecutionOrderSort2 (0ms)
		AwakeInstancesAfterBackupRestoration (2ms)
Refreshing native plugins compatible for Editor in 1.26 ms, found 2 plugins.
Preloading 0 native plugins for Editor in 0.00 ms.
Asset Pipeline Refresh (id=516548b570f3040ad83e713e92eaca1c): Total: 4.839 seconds - Initiated by InitialRefreshV2(ForceSynchronousImport)
	Summary:
		Imports: total=0 (actual=0, local cache=0, cache server=0)
		Asset DB Process Time: managed=0 ms, native=2437 ms
		Asset DB Callback time: managed=153 ms, native=13 ms
		Scripting: domain reloads=1, domain reload time=412 ms, compile time=1798 ms, other=25 ms
		Project Asset Count: scripts=1581, non-scripts=3135
		Asset File Changes: new=0, changed=1, moved=0, deleted=0
		Scan Filter Count: 1
	InvokeCustomDependenciesCallbacks: 0.001ms
	InvokePackagesCallback: 9.404ms
	ApplyChangesToAssetFolders: 0.386ms
	Scan: 361.368ms
	OnSourceAssetsModified: 0.430ms
	CategorizeAssetsWithTransientArtifact: 28.252ms
	ProcessAssetsWithTransientArtifactChanges: 32.893ms
	CategorizeAssets: 39.617ms
	ImportOutOfDateAssets: 1888.104ms (89.688ms without children)
		CompileScripts: 1797.509ms
		ReloadNativeAssets: 0.000ms
		UnloadImportedAssets: 0.175ms
		EnsureUptoDateAssetsAreRegisteredWithGuidPM: 0.487ms
		InitializingProgressBar: 0.000ms
		OnDemandSchedulerStart: 0.245ms
	PostProcessAllAssets: 154.767ms
	Hotreload: 2.717ms
	GatherAllCurrentPrimaryArtifactRevisions: 0.000ms
	UnloadStreamsBegin: 0.834ms
	PersistCurrentRevisions: 0.100ms
	UnloadStreamsEnd: 0.001ms
	GenerateScriptTypeHashes: 1.692ms
	Untracked: 2320.620ms

Application.AssetDatabase Initial Refresh End
Scanning for USB devices : 0.054ms
Initializing Unity extensions:
[MODES] ModeService[none].Initialize
[MODES] ModeService[none].LoadModes
[MODES] Loading mode Default (0) for mode-current-id-Deadlight
Unloading 92 Unused Serialized files (Serialized files now loaded: 0)
Unloading 6063 unused Assets / (1.4 MB). Loaded Objects now: 6819.
Memory consumption went from 219.7 MB to 218.4 MB.
Total: 11.002042 ms (FindLiveObjects: 0.236625 ms CreateObjectMapping: 0.129208 ms MarkObjects: 9.303958 ms  DeleteObjects: 1.331875 ms)

Opening scene 'Assets/Scenes/Game.unity'
Unloading 3 Unused Serialized files (Serialized files now loaded: 0)
Loaded scene 'Assets/Scenes/Game.unity'
	Deserialize:            3.321 ms
	Integration:            129.169 ms
	Integration of assets:  0.002 ms
	Thread Wait Time:       0.004 ms
	Total Operation Time:   132.496 ms
Unloading 2 unused Assets / (4.8 KB). Loaded Objects now: 6888.
Memory consumption went from 197.7 MB to 197.7 MB.
Total: 8.661000 ms (FindLiveObjects: 0.145375 ms CreateObjectMapping: 0.058500 ms MarkObjects: 8.443667 ms  DeleteObjects: 0.013167 ms)

[BatchRuntimeSmoke] Opened scene 'Assets/Scenes/Game.unity'. Entering Play Mode.
UnityEngine.Debug:ExtractStackTraceNoAlloc (byte*,int,string)
UnityEngine.StackTraceUtility:ExtractStackTrace () (at /Users/bokken/build/output/unity/unity/Runtime/Export/Scripting/StackTrace.cs:35)
UnityEngine.DebugLogHandler:Internal_Log (UnityEngine.LogType,UnityEngine.LogOption,string,UnityEngine.Object)
UnityEngine.DebugLogHandler:LogFormat (UnityEngine.LogType,UnityEngine.Object,string,object[])
UnityEngine.Logger:Log (UnityEngine.LogType,object)
UnityEngine.Debug:Log (object)
Deadlight.EditorTools.BatchRuntimeSmoke:Run () (at Assets/Editor/BatchRuntimeSmoke.cs:63)

(Filename: Assets/Editor/BatchRuntimeSmoke.cs Line: 63)

[Project] Loading completed in 6.348 seconds
	Project init time: 				6.052 seconds
		Template init time: 		0.000 seconds
		Package Manager init time: 		0.171 seconds
		Asset Database init time: 		0.127 seconds
		Global illumination init time: 	0.000 seconds
		Assemblies load time: 			0.467 seconds
		Unity extensions init time: 	0.005 seconds
		Asset Database refresh time: 	4.840 seconds
	Scene opening time: 			0.249 seconds
##utp:{"type":"ProjectInfo","version":2,"phase":"Immediate","time":1773344505734,"processId":73795,"projectLoad":6.348035166000001,"projectInit":6.051571917,"templateInit":0.0,"packageManagerInit":0.171485041,"assetDatabaseInit":0.126518958,"globalIlluminationInit":0.000359708,"assembliesLoad":0.467488416,"unityExtensionsInit":0.005080375,"assetDatabaseRefresh":4.839530166,"sceneOpening":0.248671916}
##utp:{"type":"EditorInfo","version":2,"phase":"Immediate","time":1773344505734,"processId":73795,"editorVersion":"6000.3.9f1 (7a9955a4f2fa)","branch":"6000.3/staging","buildType":"Release","platform":"OSX"}
Thread 0x16b4ef000 may have been prematurely finalized
Entering Playmode with Reload Domain disabled.
If you experience any issues, please disable "Enter Play Mode Options" in Editor Settings
Loaded scene 'Temp/__Backupscenes/0.backup'
	Deserialize:            0.972 ms
	Integration:            150.862 ms
	Integration of assets:  0.001 ms
	Thread Wait Time:       0.006 ms
	Total Operation Time:   151.841 ms
[TestSceneSetup] Created GameUI
UnityEngine.Debug:ExtractStackTraceNoAlloc (byte*,int,string)
UnityEngine.StackTraceUtility:ExtractStackTrace () (at /Users/bokken/build/output/unity/unity/Runtime/Export/Scripting/StackTrace.cs:35)
UnityEngine.DebugLogHandler:Internal_Log (UnityEngine.LogType,UnityEngine.LogOption,string,UnityEngine.Object)
UnityEngine.DebugLogHandler:LogFormat (UnityEngine.LogType,UnityEngine.Object,string,object[])
UnityEngine.Logger:Log (UnityEngine.LogType,object)
UnityEngine.Debug:Log (object)
Deadlight.Core.TestSceneSetup:CreateManagers () (at Assets/Scripts/Core/TestSceneSetup.cs:454)
Deadlight.Core.TestSceneSetup:SetupTestScene () (at Assets/Scripts/Core/TestSceneSetup.cs:79)
Deadlight.Core.TestSceneSetup:Start () (at Assets/Scripts/Core/TestSceneSetup.cs:66)

(Filename: Assets/Scripts/Core/TestSceneSetup.cs Line: 454)

[BatchRuntimeSmoke] Entered Play Mode.
UnityEngine.Debug:ExtractStackTraceNoAlloc (byte*,int,string)
UnityEngine.StackTraceUtility:ExtractStackTrace () (at /Users/bokken/build/output/unity/unity/Runtime/Export/Scripting/StackTrace.cs:35)
UnityEngine.DebugLogHandler:Internal_Log (UnityEngine.LogType,UnityEngine.LogOption,string,UnityEngine.Object)
UnityEngine.DebugLogHandler:LogFormat (UnityEngine.LogType,UnityEngine.Object,string,object[])
UnityEngine.Logger:Log (UnityEngine.LogType,object)
UnityEngine.Debug:Log (object)
Deadlight.EditorTools.BatchRuntimeSmoke:OnPlayModeStateChanged (UnityEditor.PlayModeStateChange) (at Assets/Editor/BatchRuntimeSmoke.cs:80)
UnityEditor.EditorApplication:Internal_PlayModeStateChanged (UnityEditor.PlayModeStateChange) (at /Users/bokken/build/output/unity/unity/Editor/Mono/EditorApplication.cs:506)

(Filename: Assets/Editor/BatchRuntimeSmoke.cs Line: 80)

[DayNightCycle] Day phase started
UnityEngine.Debug:ExtractStackTraceNoAlloc (byte*,int,string)
UnityEngine.StackTraceUtility:ExtractStackTrace () (at /Users/bokken/build/output/unity/unity/Runtime/Export/Scripting/StackTrace.cs:35)
UnityEngine.DebugLogHandler:Internal_Log (UnityEngine.LogType,UnityEngine.LogOption,string,UnityEngine.Object)
UnityEngine.DebugLogHandler:LogFormat (UnityEngine.LogType,UnityEngine.Object,string,object[])
UnityEngine.Logger:Log (UnityEngine.LogType,object)
UnityEngine.Debug:Log (object)
Deadlight.Core.DayNightCycle:StartDay () (at Assets/Scripts/Core/DayNightCycle.cs:166)
Deadlight.Core.DayNightCycle:HandleGameStateChanged (Deadlight.Core.GameState) (at Assets/Scripts/Core/DayNightCycle.cs:98)
Deadlight.Core.GameManager:ChangeState (Deadlight.Core.GameState) (at Assets/Scripts/Core/GameManager.cs:296)
Deadlight.Core.GameManager:StartNewGame () (at Assets/Scripts/Core/GameManager.cs:281)
Deadlight.EditorTools.BatchRuntimeSmoke:BeginGameplayScenario () (at Assets/Editor/BatchRuntimeSmoke.cs:143)
Deadlight.EditorTools.BatchRuntimeSmoke:OnPlayModeStateChanged (UnityEditor.PlayModeStateChange) (at Assets/Editor/BatchRuntimeSmoke.cs:81)
UnityEditor.EditorApplication:Internal_PlayModeStateChanged (UnityEditor.PlayModeStateChange) (at /Users/bokken/build/output/unity/unity/Editor/Mono/EditorApplication.cs:506)

(Filename: Assets/Scripts/Core/DayNightCycle.cs Line: 166)

[BatchRuntimeSmoke] Observed state: DayPhase
UnityEngine.Debug:ExtractStackTraceNoAlloc (byte*,int,string)
UnityEngine.StackTraceUtility:ExtractStackTrace () (at /Users/bokken/build/output/unity/unity/Runtime/Export/Scripting/StackTrace.cs:35)
UnityEngine.DebugLogHandler:Internal_Log (UnityEngine.LogType,UnityEngine.LogOption,string,UnityEngine.Object)
UnityEngine.DebugLogHandler:LogFormat (UnityEngine.LogType,UnityEngine.Object,string,object[])
UnityEngine.Logger:Log (UnityEngine.LogType,object)
UnityEngine.Debug:Log (object)
Deadlight.EditorTools.BatchRuntimeSmoke:OnGameStateChanged (Deadlight.Core.GameState) (at Assets/Editor/BatchRuntimeSmoke.cs:169)
Deadlight.Core.GameManager:ChangeState (Deadlight.Core.GameState) (at Assets/Scripts/Core/GameManager.cs:296)
Deadlight.Core.GameManager:StartNewGame () (at Assets/Scripts/Core/GameManager.cs:281)
Deadlight.EditorTools.BatchRuntimeSmoke:BeginGameplayScenario () (at Assets/Editor/BatchRuntimeSmoke.cs:143)
Deadlight.EditorTools.BatchRuntimeSmoke:OnPlayModeStateChanged (UnityEditor.PlayModeStateChange) (at Assets/Editor/BatchRuntimeSmoke.cs:81)
UnityEditor.EditorApplication:Internal_PlayModeStateChanged (UnityEditor.PlayModeStateChange) (at /Users/bokken/build/output/unity/unity/Editor/Mono/EditorApplication.cs:506)

(Filename: Assets/Editor/BatchRuntimeSmoke.cs Line: 169)

[GameManager] State changed to: DayPhase
UnityEngine.Debug:ExtractStackTraceNoAlloc (byte*,int,string)
UnityEngine.StackTraceUtility:ExtractStackTrace () (at /Users/bokken/build/output/unity/unity/Runtime/Export/Scripting/StackTrace.cs:35)
UnityEngine.DebugLogHandler:Internal_Log (UnityEngine.LogType,UnityEngine.LogOption,string,UnityEngine.Object)
UnityEngine.DebugLogHandler:LogFormat (UnityEngine.LogType,UnityEngine.Object,string,object[])
UnityEngine.Logger:Log (UnityEngine.LogType,object)
UnityEngine.Debug:Log (object)
Deadlight.Core.GameManager:ChangeState (Deadlight.Core.GameState) (at Assets/Scripts/Core/GameManager.cs:298)
Deadlight.Core.GameManager:StartNewGame () (at Assets/Scripts/Core/GameManager.cs:281)
Deadlight.EditorTools.BatchRuntimeSmoke:BeginGameplayScenario () (at Assets/Editor/BatchRuntimeSmoke.cs:143)
Deadlight.EditorTools.BatchRuntimeSmoke:OnPlayModeStateChanged (UnityEditor.PlayModeStateChange) (at Assets/Editor/BatchRuntimeSmoke.cs:81)
UnityEditor.EditorApplication:Internal_PlayModeStateChanged (UnityEditor.PlayModeStateChange) (at /Users/bokken/build/output/unity/unity/Editor/Mono/EditorApplication.cs:506)

(Filename: Assets/Scripts/Core/GameManager.cs Line: 298)

[BatchRuntimeSmoke] Triggered StartNewGame() for runtime scenario.
UnityEngine.Debug:ExtractStackTraceNoAlloc (byte*,int,string)
UnityEngine.StackTraceUtility:ExtractStackTrace () (at /Users/bokken/build/output/unity/unity/Runtime/Export/Scripting/StackTrace.cs:35)
UnityEngine.DebugLogHandler:Internal_Log (UnityEngine.LogType,UnityEngine.LogOption,string,UnityEngine.Object)
UnityEngine.DebugLogHandler:LogFormat (UnityEngine.LogType,UnityEngine.Object,string,object[])
UnityEngine.Logger:Log (UnityEngine.LogType,object)
UnityEngine.Debug:Log (object)
Deadlight.EditorTools.BatchRuntimeSmoke:BeginGameplayScenario () (at Assets/Editor/BatchRuntimeSmoke.cs:161)
Deadlight.EditorTools.BatchRuntimeSmoke:OnPlayModeStateChanged (UnityEditor.PlayModeStateChange) (at Assets/Editor/BatchRuntimeSmoke.cs:81)
UnityEditor.EditorApplication:Internal_PlayModeStateChanged (UnityEditor.PlayModeStateChange) (at /Users/bokken/build/output/unity/unity/Editor/Mono/EditorApplication.cs:506)

(Filename: Assets/Editor/BatchRuntimeSmoke.cs Line: 161)

Asset Pipeline Refresh (id=d2bb90918a701432097da7743a309508): Total: 0.196 seconds - Initiated by RefreshV2(NoUpdateAssetOptions)
Start Indexing on Editor startup
[Indexing] Starting Initial Indexing for Assets
Created GICache directory at /Users/simar/Library/Caches/com.unity3d.UnityEditor/GiCache. Took: 0.018s, timestamps: [6.867 - 6.885]
[DayNightCycle] Night phase started
UnityEngine.Debug:ExtractStackTraceNoAlloc (byte*,int,string)
UnityEngine.StackTraceUtility:ExtractStackTrace () (at /Users/bokken/build/output/unity/unity/Runtime/Export/Scripting/StackTrace.cs:35)
UnityEngine.DebugLogHandler:Internal_Log (UnityEngine.LogType,UnityEngine.LogOption,string,UnityEngine.Object)
UnityEngine.DebugLogHandler:LogFormat (UnityEngine.LogType,UnityEngine.Object,string,object[])
UnityEngine.Logger:Log (UnityEngine.LogType,object)
UnityEngine.Debug:Log (object)
Deadlight.Core.DayNightCycle:StartNight () (at Assets/Scripts/Core/DayNightCycle.cs:178)
Deadlight.Core.DayNightCycle:HandleGameStateChanged (Deadlight.Core.GameState) (at Assets/Scripts/Core/DayNightCycle.cs:101)
Deadlight.Core.GameManager:ChangeState (Deadlight.Core.GameState) (at Assets/Scripts/Core/GameManager.cs:296)
Deadlight.Core.GameManager:StartNightPhase () (at Assets/Scripts/Core/GameManager.cs:303)
Deadlight.Core.DayNightCycle/<TransitionToNightCoroutineEnhanced>d__83:MoveNext () (at Assets/Scripts/Core/DayNightCycle.cs:568)
UnityEngine.SetupCoroutine:InvokeMoveNext (System.Collections.IEnumerator,intptr) (at /Users/bokken/build/output/unity/unity/Runtime/Export/Scripting/Coroutines.cs:17)

(Filename: Assets/Scripts/Core/DayNightCycle.cs Line: 178)

[BatchRuntimeSmoke] Observed state: NightPhase
UnityEngine.Debug:ExtractStackTraceNoAlloc (byte*,int,string)
UnityEngine.StackTraceUtility:ExtractStackTrace () (at /Users/bokken/build/output/unity/unity/Runtime/Export/Scripting/StackTrace.cs:35)
UnityEngine.DebugLogHandler:Internal_Log (UnityEngine.LogType,UnityEngine.LogOption,string,UnityEngine.Object)
UnityEngine.DebugLogHandler:LogFormat (UnityEngine.LogType,UnityEngine.Object,string,object[])
UnityEngine.Logger:Log (UnityEngine.LogType,object)
UnityEngine.Debug:Log (object)
Deadlight.EditorTools.BatchRuntimeSmoke:OnGameStateChanged (Deadlight.Core.GameState) (at Assets/Editor/BatchRuntimeSmoke.cs:169)
Deadlight.Core.GameManager:ChangeState (Deadlight.Core.GameState) (at Assets/Scripts/Core/GameManager.cs:296)
Deadlight.Core.GameManager:StartNightPhase () (at Assets/Scripts/Core/GameManager.cs:303)
Deadlight.Core.DayNightCycle/<TransitionToNightCoroutineEnhanced>d__83:MoveNext () (at Assets/Scripts/Core/DayNightCycle.cs:568)
UnityEngine.SetupCoroutine:InvokeMoveNext (System.Collections.IEnumerator,intptr) (at /Users/bokken/build/output/unity/unity/Runtime/Export/Scripting/Coroutines.cs:17)

(Filename: Assets/Editor/BatchRuntimeSmoke.cs Line: 169)

[GameManager] State changed to: NightPhase
UnityEngine.Debug:ExtractStackTraceNoAlloc (byte*,int,string)
UnityEngine.StackTraceUtility:ExtractStackTrace () (at /Users/bokken/build/output/unity/unity/Runtime/Export/Scripting/StackTrace.cs:35)
UnityEngine.DebugLogHandler:Internal_Log (UnityEngine.LogType,UnityEngine.LogOption,string,UnityEngine.Object)
UnityEngine.DebugLogHandler:LogFormat (UnityEngine.LogType,UnityEngine.Object,string,object[])
UnityEngine.Logger:Log (UnityEngine.LogType,object)
UnityEngine.Debug:Log (object)
Deadlight.Core.GameManager:ChangeState (Deadlight.Core.GameState) (at Assets/Scripts/Core/GameManager.cs:298)
Deadlight.Core.GameManager:StartNightPhase () (at Assets/Scripts/Core/GameManager.cs:303)
Deadlight.Core.DayNightCycle/<TransitionToNightCoroutineEnhanced>d__83:MoveNext () (at Assets/Scripts/Core/DayNightCycle.cs:568)
UnityEngine.SetupCoroutine:InvokeMoveNext (System.Collections.IEnumerator,intptr) (at /Users/bokken/build/output/unity/unity/Runtime/Export/Scripting/Coroutines.cs:17)

(Filename: Assets/Scripts/Core/GameManager.cs Line: 298)

[PointsSystem] +100 points (Night 1 Milestone). Total: 100
UnityEngine.Debug:ExtractStackTraceNoAlloc (byte*,int,string)
UnityEngine.StackTraceUtility:ExtractStackTrace () (at /Users/bokken/build/output/unity/unity/Runtime/Export/Scripting/StackTrace.cs:35)
UnityEngine.DebugLogHandler:Internal_Log (UnityEngine.LogType,UnityEngine.LogOption,string,UnityEngine.Object)
UnityEngine.DebugLogHandler:LogFormat (UnityEngine.LogType,UnityEngine.Object,string,object[])
UnityEngine.Logger:Log (UnityEngine.LogType,object)
UnityEngine.Debug:Log (object)
Deadlight.Systems.PointsSystem:AddPoints (int,string) (at Assets/Scripts/Systems/PointsSystem.cs:146)
Deadlight.Systems.ProgressionManager:CompleteMilestone (int) (at Assets/Scripts/Systems/ProgressionManager.cs:171)
Deadlight.Systems.ProgressionManager:HandleGameStateChanged (Deadlight.Core.GameState) (at Assets/Scripts/Systems/ProgressionManager.cs:134)
Deadlight.Core.GameManager:ChangeState (Deadlight.Core.GameState) (at Assets/Scripts/Core/GameManager.cs:296)
Deadlight.Core.GameManager:OnNightSurvived () (at Assets/Scripts/Core/GameManager.cs:320)
Deadlight.Core.DayNightCycle:OnPhaseComplete () (at Assets/Scripts/Core/DayNightCycle.cs:153)
Deadlight.Core.DayNightCycle:UpdateTime () (at Assets/Scripts/Core/DayNightCycle.cs:141)
Deadlight.Core.DayNightCycle:Update () (at Assets/Scripts/Core/DayNightCycle.cs:89)

(Filename: Assets/Scripts/Systems/PointsSystem.cs Line: 146)

[ProgressionManager] Milestone completed: Survive Night 1 - Shotgun and Barricades unlocked
UnityEngine.Debug:ExtractStackTraceNoAlloc (byte*,int,string)
UnityEngine.StackTraceUtility:ExtractStackTrace () (at /Users/bokken/build/output/unity/unity/Runtime/Export/Scripting/StackTrace.cs:35)
UnityEngine.DebugLogHandler:Internal_Log (UnityEngine.LogType,UnityEngine.LogOption,string,UnityEngine.Object)
UnityEngine.DebugLogHandler:LogFormat (UnityEngine.LogType,UnityEngine.Object,string,object[])
UnityEngine.Logger:Log (UnityEngine.LogType,object)
UnityEngine.Debug:Log (object)
Deadlight.Systems.ProgressionManager:CompleteMilestone (int) (at Assets/Scripts/Systems/ProgressionManager.cs:175)
Deadlight.Systems.ProgressionManager:HandleGameStateChanged (Deadlight.Core.GameState) (at Assets/Scripts/Systems/ProgressionManager.cs:134)
Deadlight.Core.GameManager:ChangeState (Deadlight.Core.GameState) (at Assets/Scripts/Core/GameManager.cs:296)
Deadlight.Core.GameManager:OnNightSurvived () (at Assets/Scripts/Core/GameManager.cs:320)
Deadlight.Core.DayNightCycle:OnPhaseComplete () (at Assets/Scripts/Core/DayNightCycle.cs:153)
Deadlight.Core.DayNightCycle:UpdateTime () (at Assets/Scripts/Core/DayNightCycle.cs:141)
Deadlight.Core.DayNightCycle:Update () (at Assets/Scripts/Core/DayNightCycle.cs:89)

(Filename: Assets/Scripts/Systems/ProgressionManager.cs Line: 175)

[PointsSystem] +150 points (Night Survived). Total: 250
UnityEngine.Debug:ExtractStackTraceNoAlloc (byte*,int,string)
UnityEngine.StackTraceUtility:ExtractStackTrace () (at /Users/bokken/build/output/unity/unity/Runtime/Export/Scripting/StackTrace.cs:35)
UnityEngine.DebugLogHandler:Internal_Log (UnityEngine.LogType,UnityEngine.LogOption,string,UnityEngine.Object)
UnityEngine.DebugLogHandler:LogFormat (UnityEngine.LogType,UnityEngine.Object,string,object[])
UnityEngine.Logger:Log (UnityEngine.LogType,object)
UnityEngine.Debug:Log (object)
Deadlight.Systems.PointsSystem:AddPoints (int,string) (at Assets/Scripts/Systems/PointsSystem.cs:146)
Deadlight.Systems.PointsSystem:HandleGameStateChanged (Deadlight.Core.GameState) (at Assets/Scripts/Systems/PointsSystem.cs:100)
Deadlight.Core.GameManager:ChangeState (Deadlight.Core.GameState) (at Assets/Scripts/Core/GameManager.cs:296)
Deadlight.Core.GameManager:OnNightSurvived () (at Assets/Scripts/Core/GameManager.cs:320)
Deadlight.Core.DayNightCycle:OnPhaseComplete () (at Assets/Scripts/Core/DayNightCycle.cs:153)
Deadlight.Core.DayNightCycle:UpdateTime () (at Assets/Scripts/Core/DayNightCycle.cs:141)
Deadlight.Core.DayNightCycle:Update () (at Assets/Scripts/Core/DayNightCycle.cs:89)

(Filename: Assets/Scripts/Systems/PointsSystem.cs Line: 146)

[PointsSystem] +0 points (Night Grade D). Total: 250
UnityEngine.Debug:ExtractStackTraceNoAlloc (byte*,int,string)
UnityEngine.StackTraceUtility:ExtractStackTrace () (at /Users/bokken/build/output/unity/unity/Runtime/Export/Scripting/StackTrace.cs:35)
UnityEngine.DebugLogHandler:Internal_Log (UnityEngine.LogType,UnityEngine.LogOption,string,UnityEngine.Object)
UnityEngine.DebugLogHandler:LogFormat (UnityEngine.LogType,UnityEngine.Object,string,object[])
UnityEngine.Logger:Log (UnityEngine.LogType,object)
UnityEngine.Debug:Log (object)
Deadlight.Systems.PointsSystem:AddPoints (int,string) (at Assets/Scripts/Systems/PointsSystem.cs:146)
Deadlight.Systems.PointsSystem:GradeCurrentNight () (at Assets/Scripts/Systems/PointsSystem.cs:287)
Deadlight.Systems.PointsSystem:HandleGameStateChanged (Deadlight.Core.GameState) (at Assets/Scripts/Systems/PointsSystem.cs:101)
Deadlight.Core.GameManager:ChangeState (Deadlight.Core.GameState) (at Assets/Scripts/Core/GameManager.cs:296)
Deadlight.Core.GameManager:OnNightSurvived () (at Assets/Scripts/Core/GameManager.cs:320)
Deadlight.Core.DayNightCycle:OnPhaseComplete () (at Assets/Scripts/Core/DayNightCycle.cs:153)
Deadlight.Core.DayNightCycle:UpdateTime () (at Assets/Scripts/Core/DayNightCycle.cs:141)
Deadlight.Core.DayNightCycle:Update () (at Assets/Scripts/Core/DayNightCycle.cs:89)

(Filename: Assets/Scripts/Systems/PointsSystem.cs Line: 146)

[BatchRuntimeSmoke] Observed state: DawnPhase
UnityEngine.Debug:ExtractStackTraceNoAlloc (byte*,int,string)
UnityEngine.StackTraceUtility:ExtractStackTrace () (at /Users/bokken/build/output/unity/unity/Runtime/Export/Scripting/StackTrace.cs:35)
UnityEngine.DebugLogHandler:Internal_Log (UnityEngine.LogType,UnityEngine.LogOption,string,UnityEngine.Object)
UnityEngine.DebugLogHandler:LogFormat (UnityEngine.LogType,UnityEngine.Object,string,object[])
UnityEngine.Logger:Log (UnityEngine.LogType,object)
UnityEngine.Debug:Log (object)
Deadlight.EditorTools.BatchRuntimeSmoke:OnGameStateChanged (Deadlight.Core.GameState) (at Assets/Editor/BatchRuntimeSmoke.cs:169)
Deadlight.Core.GameManager:ChangeState (Deadlight.Core.GameState) (at Assets/Scripts/Core/GameManager.cs:296)
Deadlight.Core.GameManager:OnNightSurvived () (at Assets/Scripts/Core/GameManager.cs:320)
Deadlight.Core.DayNightCycle:OnPhaseComplete () (at Assets/Scripts/Core/DayNightCycle.cs:153)
Deadlight.Core.DayNightCycle:UpdateTime () (at Assets/Scripts/Core/DayNightCycle.cs:141)
Deadlight.Core.DayNightCycle:Update () (at Assets/Scripts/Core/DayNightCycle.cs:89)

(Filename: Assets/Editor/BatchRuntimeSmoke.cs Line: 169)

[GameManager] State changed to: DawnPhase
UnityEngine.Debug:ExtractStackTraceNoAlloc (byte*,int,string)
UnityEngine.StackTraceUtility:ExtractStackTrace () (at /Users/bokken/build/output/unity/unity/Runtime/Export/Scripting/StackTrace.cs:35)
UnityEngine.DebugLogHandler:Internal_Log (UnityEngine.LogType,UnityEngine.LogOption,string,UnityEngine.Object)
UnityEngine.DebugLogHandler:LogFormat (UnityEngine.LogType,UnityEngine.Object,string,object[])
UnityEngine.Logger:Log (UnityEngine.LogType,object)
UnityEngine.Debug:Log (object)
Deadlight.Core.GameManager:ChangeState (Deadlight.Core.GameState) (at Assets/Scripts/Core/GameManager.cs:298)
Deadlight.Core.GameManager:OnNightSurvived () (at Assets/Scripts/Core/GameManager.cs:320)
Deadlight.Core.DayNightCycle:OnPhaseComplete () (at Assets/Scripts/Core/DayNightCycle.cs:153)
Deadlight.Core.DayNightCycle:UpdateTime () (at Assets/Scripts/Core/DayNightCycle.cs:141)
Deadlight.Core.DayNightCycle:Update () (at Assets/Scripts/Core/DayNightCycle.cs:89)

(Filename: Assets/Scripts/Core/GameManager.cs Line: 298)

[BatchRuntimeSmoke] Play Mode duration reached (25.0s). Stopping Play Mode.
UnityEngine.Debug:ExtractStackTraceNoAlloc (byte*,int,string)
UnityEngine.StackTraceUtility:ExtractStackTrace () (at /Users/bokken/build/output/unity/unity/Runtime/Export/Scripting/StackTrace.cs:35)
UnityEngine.DebugLogHandler:Internal_Log (UnityEngine.LogType,UnityEngine.LogOption,string,UnityEngine.Object)
UnityEngine.DebugLogHandler:LogFormat (UnityEngine.LogType,UnityEngine.Object,string,object[])
UnityEngine.Logger:Log (UnityEngine.LogType,object)
UnityEngine.Debug:Log (object)
Deadlight.EditorTools.BatchRuntimeSmoke:OnEditorUpdate () (at Assets/Editor/BatchRuntimeSmoke.cs:128)
UnityEditor.EditorApplication:Internal_CallUpdateFunctions () (at /Users/bokken/build/output/unity/unity/Editor/Mono/EditorApplication.cs:392)

(Filename: Assets/Editor/BatchRuntimeSmoke.cs Line: 128)

Thread 0x16bdaf000 may have been prematurely finalized
Unloading 8 Unused Serialized files (Serialized files now loaded: 0)
Loaded scene 'Temp/__Backupscenes/0.backup'
	Deserialize:            0.606 ms
	Integration:            117.653 ms
	Integration of assets:  0.001 ms
	Thread Wait Time:       0.008 ms
	Total Operation Time:   118.267 ms
Unloading 33 unused Assets / (80.7 KB). Loaded Objects now: 6932.
Memory consumption went from 179.2 MB to 179.1 MB.
Total: 10.356458 ms (FindLiveObjects: 0.169375 ms CreateObjectMapping: 0.069792 ms MarkObjects: 10.057375 ms  DeleteObjects: 0.059500 ms)

[BatchRuntimeSmoke] Wrote report to /Users/simar/deadlight/tmp/runtime_smoke_report.txt
UnityEngine.Debug:ExtractStackTraceNoAlloc (byte*,int,string)
UnityEngine.StackTraceUtility:ExtractStackTrace () (at /Users/bokken/build/output/unity/unity/Runtime/Export/Scripting/StackTrace.cs:35)
UnityEngine.DebugLogHandler:Internal_Log (UnityEngine.LogType,UnityEngine.LogOption,string,UnityEngine.Object)
UnityEngine.DebugLogHandler:LogFormat (UnityEngine.LogType,UnityEngine.Object,string,object[])
UnityEngine.Logger:Log (UnityEngine.LogType,object)
UnityEngine.Debug:Log (object)
Deadlight.EditorTools.BatchRuntimeSmoke:FinishAndExit (int,string) (at Assets/Editor/BatchRuntimeSmoke.cs:209)
Deadlight.EditorTools.BatchRuntimeSmoke:OnPlayModeStateChanged (UnityEditor.PlayModeStateChange) (at Assets/Editor/BatchRuntimeSmoke.cs:89)
UnityEditor.EditorApplication:Internal_PlayModeStateChanged (UnityEditor.PlayModeStateChange) (at /Users/bokken/build/output/unity/unity/Editor/Mono/EditorApplication.cs:506)

(Filename: Assets/Editor/BatchRuntimeSmoke.cs Line: 209)

Start importing ProjectSettings/EditorSettings.asset using Guid(0000000000000000c000000000000000) (LibraryAssetImporter) -> (artifact id: '88a81b0cd41f2e6791b296dbea0c2761') in 0.003884042 seconds
Refreshing native plugins compatible for Editor in 0.81 ms, found 2 plugins.
Preloading 0 native plugins for Editor in 0.00 ms.
Asset Pipeline Refresh (id=124ef394ea35148cda35ae41c1233f3a): Total: 0.021 seconds - Initiated by StopAssetImportingV2(NoUpdateAssetOptions)
Thread 0x16bc97000 may have been prematurely finalized
Input System module state changed to: ShutdownInProgress.
Input System polling thread exited.
Input System module state changed to: Shutdown.
[Physics::Module] Cleanup current backend.
[Physics::Module] Id: 0xf2b8ea05
[Licensing::IpcConnector] LicenseClient-simar-notifications channel disconnected successfully.
[Licensing::IpcConnector] LicenseClient-simar channel disconnected successfully.
Thread 0x16c327000 may have been prematurely finalized
Thread 0x16c3b3000 may have been prematurely finalized
Thread 0x16c43f000 may have been prematurely finalized
Thread 0x16c5e3000 may have been prematurely finalized
Thread 0x16c66f000 may have been prematurely finalized
Thread 0x16c557000 may have been prematurely finalized
Thread 0x16c4cb000 may have been prematurely finalized
Thread 0x16c6fb000 may have been prematurely finalized
AcceleratorClientConnectionCallback - disconnected - :0
[40m[32minfo[39m[22m[49m: Microsoft.Hosting.Lifetime[0]
      Application is shutting down...
Cleanup mono
[40m[32minfo[39m[22m[49m: Unity.ILPP.Runner.PostProcessingAssemblyLoadContext[0]
      ALC ILPP context 1 is unloading
debugger-agent: Unable to listen on 45
